2021-02-26 19:48:44 [scrapy.utils.log] INFO: Scrapy 2.4.1 started (bot: PhysEmpSpiders)
2021-02-26 19:48:44 [scrapy.utils.log] INFO: Versions: lxml 4.5.2.0, libxml2 2.9.10, cssselect 1.1.0, parsel 1.6.0, w3lib 1.22.0, Twisted 20.3.0, Python 3.8.3 (default, Jul  2 2020, 17:30:36) [MSC v.1916 64 bit (AMD64)], pyOpenSSL 19.1.0 (OpenSSL 1.1.1g  21 Apr 2020), cryptography 2.9.2, Platform Windows-10-10.0.19041-SP0
2021-02-26 19:48:44 [scrapy.utils.log] DEBUG: Using reactor: twisted.internet.selectreactor.SelectReactor
2021-02-26 19:48:44 [scrapy.crawler] INFO: Overridden settings:
{'BOT_NAME': 'PhysEmpSpiders',
 'CONCURRENT_REQUESTS': 10,
 'COOKIES_ENABLED': False,
 'LOG_FILE': 'logs\\PhysEmpSpiders\\physiciansjobsplus\\2021-02-26T19_48_38.log',
 'NEWSPIDER_MODULE': 'PhysEmpSpiders.spiders',
 'SPIDER_MODULES': ['PhysEmpSpiders.spiders']}
2021-02-26 19:48:44 [scrapy.extensions.telnet] INFO: Telnet Password: 9684a7f7021a5c11
2021-02-26 19:48:44 [scrapy.middleware] INFO: Enabled extensions:
['scrapy.extensions.corestats.CoreStats',
 'scrapy.extensions.telnet.TelnetConsole',
 'scrapy.extensions.logstats.LogStats']
2021-02-26 19:48:44 [scrapy.middleware] INFO: Enabled downloader middlewares:
['scrapy.downloadermiddlewares.httpauth.HttpAuthMiddleware',
 'scrapy.downloadermiddlewares.downloadtimeout.DownloadTimeoutMiddleware',
 'scrapy.downloadermiddlewares.defaultheaders.DefaultHeadersMiddleware',
 'scrapy.downloadermiddlewares.useragent.UserAgentMiddleware',
 'scrapy.downloadermiddlewares.retry.RetryMiddleware',
 'scrapy.downloadermiddlewares.redirect.MetaRefreshMiddleware',
 'scrapy.downloadermiddlewares.httpcompression.HttpCompressionMiddleware',
 'scrapy.downloadermiddlewares.redirect.RedirectMiddleware',
 'scrapy.downloadermiddlewares.httpproxy.HttpProxyMiddleware',
 'scrapy.downloadermiddlewares.stats.DownloaderStats']
2021-02-26 19:48:44 [scrapy.middleware] INFO: Enabled spider middlewares:
['scrapy.spidermiddlewares.httperror.HttpErrorMiddleware',
 'scrapy.spidermiddlewares.offsite.OffsiteMiddleware',
 'scrapy.spidermiddlewares.referer.RefererMiddleware',
 'scrapy.spidermiddlewares.urllength.UrlLengthMiddleware',
 'scrapy.spidermiddlewares.depth.DepthMiddleware']
2021-02-26 19:48:45 [scrapy.middleware] INFO: Enabled item pipelines:
['PhysEmpSpiders.pipelines.PhysempspidersPipeline']
2021-02-26 19:48:45 [scrapy.core.engine] INFO: Spider opened
2021-02-26 19:48:45 [scrapy.extensions.logstats] INFO: Crawled 0 pages (at 0 pages/min), scraped 0 items (at 0 items/min)
2021-02-26 19:48:45 [scrapy.extensions.telnet] INFO: Telnet console listening on 127.0.0.1:6023
2021-02-26 19:48:48 [scrapy.core.engine] DEBUG: Crawled (200) <GET https://api.scraperapi.com/?url=https%3A%2F%2Fwww.physiciansjobsplus.com%2Fjobs%2Fbrowse-category&api_key=f2a3c4d1c7d60b6d2eb03c55108e3960&scraper_sdk=python> (referer: None)
2021-02-26 19:48:48 [scrapy.dupefilters] DEBUG: Filtered duplicate request: <GET https://api.scraperapi.com/?url=https%3A%2F%2Fwww.physiciansjobsplus.comNone&api_key=f2a3c4d1c7d60b6d2eb03c55108e3960&scraper_sdk=python> - no more duplicates will be shown (see DUPEFILTER_DEBUG to show all duplicates)
2021-02-26 19:49:11 [scrapy.downloadermiddlewares.retry] DEBUG: Retrying <GET https://api.scraperapi.com/?url=https%3A%2F%2Fwww.physiciansjobsplus.comNone&api_key=f2a3c4d1c7d60b6d2eb03c55108e3960&scraper_sdk=python> (failed 1 times): 500 Internal Server Error
2021-02-26 19:49:45 [scrapy.extensions.logstats] INFO: Crawled 1 pages (at 1 pages/min), scraped 0 items (at 0 items/min)
2021-02-26 19:49:51 [scrapy.downloadermiddlewares.retry] DEBUG: Retrying <GET https://api.scraperapi.com/?url=https%3A%2F%2Fwww.physiciansjobsplus.comNone&api_key=f2a3c4d1c7d60b6d2eb03c55108e3960&scraper_sdk=python> (failed 2 times): 500 Internal Server Error
2021-02-26 19:50:07 [scrapy.downloadermiddlewares.retry] ERROR: Gave up retrying <GET https://api.scraperapi.com/?url=https%3A%2F%2Fwww.physiciansjobsplus.comNone&api_key=f2a3c4d1c7d60b6d2eb03c55108e3960&scraper_sdk=python> (failed 3 times): 500 Internal Server Error
2021-02-26 19:50:07 [scrapy.core.engine] DEBUG: Crawled (500) <GET https://api.scraperapi.com/?url=https%3A%2F%2Fwww.physiciansjobsplus.comNone&api_key=f2a3c4d1c7d60b6d2eb03c55108e3960&scraper_sdk=python> (referer: https://api.scraperapi.com/?url=https%3A%2F%2Fwww.physiciansjobsplus.com%2Fjobs%2Fbrowse-category&api_key=f2a3c4d1c7d60b6d2eb03c55108e3960&scraper_sdk=python)
2021-02-26 19:50:07 [scrapy.spidermiddlewares.httperror] INFO: Ignoring response <500 https://api.scraperapi.com/?url=https%3A%2F%2Fwww.physiciansjobsplus.comNone&api_key=f2a3c4d1c7d60b6d2eb03c55108e3960&scraper_sdk=python>: HTTP status code is not handled or not allowed
2021-02-26 19:50:07 [scrapy.core.engine] INFO: Closing spider (finished)
2021-02-26 19:50:07 [scrapy.statscollectors] INFO: Dumping Scrapy stats:
{'downloader/request_bytes': 1849,
 'downloader/request_count': 4,
 'downloader/request_method_count/GET': 4,
 'downloader/response_bytes': 19303,
 'downloader/response_count': 4,
 'downloader/response_status_count/200': 1,
 'downloader/response_status_count/500': 3,
 'dupefilter/filtered': 25,
 'elapsed_time_seconds': 82.083953,
 'finish_reason': 'finished',
 'finish_time': datetime.datetime(2021, 2, 27, 1, 50, 7, 446916),
 'httperror/response_ignored_count': 1,
 'httperror/response_ignored_status_count/500': 1,
 'log_count/DEBUG': 5,
 'log_count/ERROR': 1,
 'log_count/INFO': 12,
 'request_depth_max': 1,
 'response_received_count': 2,
 'retry/count': 2,
 'retry/max_reached': 1,
 'retry/reason_count/500 Internal Server Error': 2,
 'scheduler/dequeued': 4,
 'scheduler/dequeued/memory': 4,
 'scheduler/enqueued': 4,
 'scheduler/enqueued/memory': 4,
 'start_time': datetime.datetime(2021, 2, 27, 1, 48, 45, 362963)}
2021-02-26 19:50:07 [scrapy.core.engine] INFO: Spider closed (finished)
