2021-07-09 12:30:24 [scrapy.utils.log] INFO: Scrapy 2.4.1 started (bot: PhysEmpSpiders)
2021-07-09 12:30:24 [scrapy.utils.log] INFO: Versions: lxml 4.5.2.0, libxml2 2.9.10, cssselect 1.1.0, parsel 1.6.0, w3lib 1.22.0, Twisted 20.3.0, Python 3.8.3 (default, Jul  2 2020, 17:30:36) [MSC v.1916 64 bit (AMD64)], pyOpenSSL 19.1.0 (OpenSSL 1.1.1g  21 Apr 2020), cryptography 2.9.2, Platform Windows-10-10.0.19041-SP0
2021-07-09 12:30:24 [scrapy.utils.log] DEBUG: Using reactor: twisted.internet.selectreactor.SelectReactor
2021-07-09 12:30:24 [scrapy.crawler] INFO: Overridden settings:
{'BOT_NAME': 'PhysEmpSpiders',
 'CONCURRENT_REQUESTS': 10,
 'COOKIES_ENABLED': False,
 'LOG_FILE': 'logs\\PhysEmpSpiders\\doccafe\\2021-07-09T12_30_21.log',
 'NEWSPIDER_MODULE': 'PhysEmpSpiders.spiders',
 'ROBOTSTXT_OBEY': True,
 'SPIDER_MODULES': ['PhysEmpSpiders.spiders']}
2021-07-09 12:30:24 [scrapy.extensions.telnet] INFO: Telnet Password: dabd970a6fedd030
2021-07-09 12:30:24 [scrapy.middleware] INFO: Enabled extensions:
['scrapy.extensions.corestats.CoreStats',
 'scrapy.extensions.telnet.TelnetConsole',
 'scrapy.extensions.logstats.LogStats']
2021-07-09 12:30:25 [scrapy.middleware] INFO: Enabled downloader middlewares:
['scrapy.downloadermiddlewares.robotstxt.RobotsTxtMiddleware',
 'scrapy.downloadermiddlewares.httpauth.HttpAuthMiddleware',
 'scrapy.downloadermiddlewares.downloadtimeout.DownloadTimeoutMiddleware',
 'scrapy.downloadermiddlewares.defaultheaders.DefaultHeadersMiddleware',
 'scrapy.downloadermiddlewares.useragent.UserAgentMiddleware',
 'scrapy.downloadermiddlewares.retry.RetryMiddleware',
 'scrapy.downloadermiddlewares.redirect.MetaRefreshMiddleware',
 'scrapy.downloadermiddlewares.httpcompression.HttpCompressionMiddleware',
 'scrapy.downloadermiddlewares.redirect.RedirectMiddleware',
 'scrapy.downloadermiddlewares.httpproxy.HttpProxyMiddleware',
 'scrapy.downloadermiddlewares.stats.DownloaderStats']
2021-07-09 12:30:25 [scrapy.middleware] INFO: Enabled spider middlewares:
['scrapy.spidermiddlewares.httperror.HttpErrorMiddleware',
 'scrapy.spidermiddlewares.offsite.OffsiteMiddleware',
 'scrapy.spidermiddlewares.referer.RefererMiddleware',
 'scrapy.spidermiddlewares.urllength.UrlLengthMiddleware',
 'scrapy.spidermiddlewares.depth.DepthMiddleware']
2021-07-09 12:30:25 [scrapy.middleware] INFO: Enabled item pipelines:
['PhysEmpSpiders.pipelines.PhysempspidersPipeline']
2021-07-09 12:30:25 [scrapy.core.engine] INFO: Spider opened
2021-07-09 12:30:25 [scrapy.extensions.logstats] INFO: Crawled 0 pages (at 0 pages/min), scraped 0 items (at 0 items/min)
2021-07-09 12:30:25 [scrapy.extensions.telnet] INFO: Telnet console listening on 127.0.0.1:6023
2021-07-09 12:30:26 [scrapy.core.engine] DEBUG: Crawled (200) <GET https://api.scraperapi.com/robots.txt> (referer: None)
2021-07-09 12:30:26 [scrapy.downloadermiddlewares.robotstxt] DEBUG: Forbidden by robots.txt: <GET https://api.scraperapi.com/?url=https%3A%2F%2Fwww.doccafe.com%2Fjobs%2Fsearch%3Fposted_period%3Dall%26results_per_page%3D50%26page%3D1&api_key=f2a3c4d1c7d60b6d2eb03c55108e3960&scraper_sdk=python>
2021-07-09 12:30:26 [scrapy.core.engine] INFO: Closing spider (finished)
2021-07-09 12:30:26 [scrapy.statscollectors] INFO: Dumping Scrapy stats:
{'downloader/exception_count': 1,
 'downloader/exception_type_count/scrapy.exceptions.IgnoreRequest': 1,
 'downloader/request_bytes': 232,
 'downloader/request_count': 1,
 'downloader/request_method_count/GET': 1,
 'downloader/response_bytes': 496,
 'downloader/response_count': 1,
 'downloader/response_status_count/200': 1,
 'elapsed_time_seconds': 0.507259,
 'finish_reason': 'finished',
 'finish_time': datetime.datetime(2021, 7, 9, 17, 30, 26, 248538),
 'log_count/DEBUG': 2,
 'log_count/INFO': 10,
 'response_received_count': 1,
 'robotstxt/forbidden': 1,
 'robotstxt/request_count': 1,
 'robotstxt/response_count': 1,
 'robotstxt/response_status_count/200': 1,
 'scheduler/dequeued': 1,
 'scheduler/dequeued/memory': 1,
 'scheduler/enqueued': 1,
 'scheduler/enqueued/memory': 1,
 'start_time': datetime.datetime(2021, 7, 9, 17, 30, 25, 741279)}
2021-07-09 12:30:26 [scrapy.core.engine] INFO: Spider closed (finished)
