2021-07-09 12:29:50 [scrapy.utils.log] INFO: Scrapy 2.4.1 started (bot: PhysEmpSpiders)
2021-07-09 12:29:50 [scrapy.utils.log] INFO: Versions: lxml 4.5.2.0, libxml2 2.9.10, cssselect 1.1.0, parsel 1.6.0, w3lib 1.22.0, Twisted 20.3.0, Python 3.8.3 (default, Jul  2 2020, 17:30:36) [MSC v.1916 64 bit (AMD64)], pyOpenSSL 19.1.0 (OpenSSL 1.1.1g  21 Apr 2020), cryptography 2.9.2, Platform Windows-10-10.0.19041-SP0
2021-07-09 12:29:50 [scrapy.utils.log] DEBUG: Using reactor: twisted.internet.selectreactor.SelectReactor
2021-07-09 12:29:50 [scrapy.crawler] INFO: Overridden settings:
{'BOT_NAME': 'PhysEmpSpiders',
 'CONCURRENT_REQUESTS': 10,
 'COOKIES_ENABLED': False,
 'LOG_FILE': 'logs\\PhysEmpSpiders\\adventhealth\\2021-07-09T12_29_46.log',
 'NEWSPIDER_MODULE': 'PhysEmpSpiders.spiders',
 'ROBOTSTXT_OBEY': True,
 'SPIDER_MODULES': ['PhysEmpSpiders.spiders']}
2021-07-09 12:29:50 [scrapy.extensions.telnet] INFO: Telnet Password: ff2f39add699c00f
2021-07-09 12:29:50 [scrapy.middleware] INFO: Enabled extensions:
['scrapy.extensions.corestats.CoreStats',
 'scrapy.extensions.telnet.TelnetConsole',
 'scrapy.extensions.logstats.LogStats']
2021-07-09 12:29:50 [scrapy.middleware] INFO: Enabled downloader middlewares:
['scrapy.downloadermiddlewares.robotstxt.RobotsTxtMiddleware',
 'scrapy.downloadermiddlewares.httpauth.HttpAuthMiddleware',
 'scrapy.downloadermiddlewares.downloadtimeout.DownloadTimeoutMiddleware',
 'scrapy.downloadermiddlewares.defaultheaders.DefaultHeadersMiddleware',
 'scrapy.downloadermiddlewares.useragent.UserAgentMiddleware',
 'scrapy.downloadermiddlewares.retry.RetryMiddleware',
 'scrapy.downloadermiddlewares.redirect.MetaRefreshMiddleware',
 'scrapy.downloadermiddlewares.httpcompression.HttpCompressionMiddleware',
 'scrapy.downloadermiddlewares.redirect.RedirectMiddleware',
 'scrapy.downloadermiddlewares.httpproxy.HttpProxyMiddleware',
 'scrapy.downloadermiddlewares.stats.DownloaderStats']
2021-07-09 12:29:50 [scrapy.middleware] INFO: Enabled spider middlewares:
['scrapy.spidermiddlewares.httperror.HttpErrorMiddleware',
 'scrapy.spidermiddlewares.offsite.OffsiteMiddleware',
 'scrapy.spidermiddlewares.referer.RefererMiddleware',
 'scrapy.spidermiddlewares.urllength.UrlLengthMiddleware',
 'scrapy.spidermiddlewares.depth.DepthMiddleware']
2021-07-09 12:29:50 [scrapy.middleware] INFO: Enabled item pipelines:
['PhysEmpSpiders.pipelines.PhysempspidersPipeline']
2021-07-09 12:29:50 [scrapy.core.engine] INFO: Spider opened
2021-07-09 12:29:50 [scrapy.extensions.logstats] INFO: Crawled 0 pages (at 0 pages/min), scraped 0 items (at 0 items/min)
2021-07-09 12:29:50 [scrapy.extensions.telnet] INFO: Telnet console listening on 127.0.0.1:6023
2021-07-09 12:29:51 [scrapy.core.engine] DEBUG: Crawled (200) <GET https://api.scraperapi.com/robots.txt> (referer: None)
2021-07-09 12:29:51 [scrapy.downloadermiddlewares.robotstxt] DEBUG: Forbidden by robots.txt: <GET https://api.scraperapi.com/?url=https%3A%2F%2Fjobs.adventhealth.com%2Fen-US%2Fsearch%3Fpagenumber%3D0&api_key=f2a3c4d1c7d60b6d2eb03c55108e3960&scraper_sdk=python>
2021-07-09 12:29:51 [scrapy.downloadermiddlewares.robotstxt] DEBUG: Forbidden by robots.txt: <GET https://api.scraperapi.com/?url=https%3A%2F%2Fjobs.adventhealth.com%2Fen-US%2Fsearch%3Fpagenumber%3D1&api_key=f2a3c4d1c7d60b6d2eb03c55108e3960&scraper_sdk=python>
2021-07-09 12:29:51 [scrapy.downloadermiddlewares.robotstxt] DEBUG: Forbidden by robots.txt: <GET https://api.scraperapi.com/?url=https%3A%2F%2Fjobs.adventhealth.com%2Fen-US%2Fsearch%3Fpagenumber%3D2&api_key=f2a3c4d1c7d60b6d2eb03c55108e3960&scraper_sdk=python>
2021-07-09 12:29:51 [scrapy.downloadermiddlewares.robotstxt] DEBUG: Forbidden by robots.txt: <GET https://api.scraperapi.com/?url=https%3A%2F%2Fjobs.adventhealth.com%2Fen-US%2Fsearch%3Fpagenumber%3D3&api_key=f2a3c4d1c7d60b6d2eb03c55108e3960&scraper_sdk=python>
2021-07-09 12:29:51 [scrapy.downloadermiddlewares.robotstxt] DEBUG: Forbidden by robots.txt: <GET https://api.scraperapi.com/?url=https%3A%2F%2Fjobs.adventhealth.com%2Fen-US%2Fsearch%3Fpagenumber%3D4&api_key=f2a3c4d1c7d60b6d2eb03c55108e3960&scraper_sdk=python>
2021-07-09 12:29:51 [scrapy.downloadermiddlewares.robotstxt] DEBUG: Forbidden by robots.txt: <GET https://api.scraperapi.com/?url=https%3A%2F%2Fjobs.adventhealth.com%2Fen-US%2Fsearch%3Fpagenumber%3D5&api_key=f2a3c4d1c7d60b6d2eb03c55108e3960&scraper_sdk=python>
2021-07-09 12:29:51 [scrapy.downloadermiddlewares.robotstxt] DEBUG: Forbidden by robots.txt: <GET https://api.scraperapi.com/?url=https%3A%2F%2Fjobs.adventhealth.com%2Fen-US%2Fsearch%3Fpagenumber%3D6&api_key=f2a3c4d1c7d60b6d2eb03c55108e3960&scraper_sdk=python>
2021-07-09 12:29:51 [scrapy.downloadermiddlewares.robotstxt] DEBUG: Forbidden by robots.txt: <GET https://api.scraperapi.com/?url=https%3A%2F%2Fjobs.adventhealth.com%2Fen-US%2Fsearch%3Fpagenumber%3D7&api_key=f2a3c4d1c7d60b6d2eb03c55108e3960&scraper_sdk=python>
2021-07-09 12:29:51 [scrapy.downloadermiddlewares.robotstxt] DEBUG: Forbidden by robots.txt: <GET https://api.scraperapi.com/?url=https%3A%2F%2Fjobs.adventhealth.com%2Fen-US%2Fsearch%3Fpagenumber%3D8&api_key=f2a3c4d1c7d60b6d2eb03c55108e3960&scraper_sdk=python>
2021-07-09 12:29:51 [scrapy.downloadermiddlewares.robotstxt] DEBUG: Forbidden by robots.txt: <GET https://api.scraperapi.com/?url=https%3A%2F%2Fjobs.adventhealth.com%2Fen-US%2Fsearch%3Fpagenumber%3D9&api_key=f2a3c4d1c7d60b6d2eb03c55108e3960&scraper_sdk=python>
2021-07-09 12:29:51 [scrapy.downloadermiddlewares.robotstxt] DEBUG: Forbidden by robots.txt: <GET https://api.scraperapi.com/?url=https%3A%2F%2Fjobs.adventhealth.com%2Fen-US%2Fsearch%3Fpagenumber%3D10&api_key=f2a3c4d1c7d60b6d2eb03c55108e3960&scraper_sdk=python>
2021-07-09 12:29:51 [scrapy.downloadermiddlewares.robotstxt] DEBUG: Forbidden by robots.txt: <GET https://api.scraperapi.com/?url=https%3A%2F%2Fjobs.adventhealth.com%2Fen-US%2Fsearch%3Fpagenumber%3D11&api_key=f2a3c4d1c7d60b6d2eb03c55108e3960&scraper_sdk=python>
2021-07-09 12:29:51 [scrapy.downloadermiddlewares.robotstxt] DEBUG: Forbidden by robots.txt: <GET https://api.scraperapi.com/?url=https%3A%2F%2Fjobs.adventhealth.com%2Fen-US%2Fsearch%3Fpagenumber%3D12&api_key=f2a3c4d1c7d60b6d2eb03c55108e3960&scraper_sdk=python>
2021-07-09 12:29:51 [scrapy.downloadermiddlewares.robotstxt] DEBUG: Forbidden by robots.txt: <GET https://api.scraperapi.com/?url=https%3A%2F%2Fjobs.adventhealth.com%2Fen-US%2Fsearch%3Fpagenumber%3D13&api_key=f2a3c4d1c7d60b6d2eb03c55108e3960&scraper_sdk=python>
2021-07-09 12:29:51 [scrapy.downloadermiddlewares.robotstxt] DEBUG: Forbidden by robots.txt: <GET https://api.scraperapi.com/?url=https%3A%2F%2Fjobs.adventhealth.com%2Fen-US%2Fsearch%3Fpagenumber%3D14&api_key=f2a3c4d1c7d60b6d2eb03c55108e3960&scraper_sdk=python>
2021-07-09 12:29:51 [scrapy.downloadermiddlewares.robotstxt] DEBUG: Forbidden by robots.txt: <GET https://api.scraperapi.com/?url=https%3A%2F%2Fjobs.adventhealth.com%2Fen-US%2Fsearch%3Fpagenumber%3D15&api_key=f2a3c4d1c7d60b6d2eb03c55108e3960&scraper_sdk=python>
2021-07-09 12:29:51 [scrapy.downloadermiddlewares.robotstxt] DEBUG: Forbidden by robots.txt: <GET https://api.scraperapi.com/?url=https%3A%2F%2Fjobs.adventhealth.com%2Fen-US%2Fsearch%3Fpagenumber%3D16&api_key=f2a3c4d1c7d60b6d2eb03c55108e3960&scraper_sdk=python>
2021-07-09 12:29:51 [scrapy.downloadermiddlewares.robotstxt] DEBUG: Forbidden by robots.txt: <GET https://api.scraperapi.com/?url=https%3A%2F%2Fjobs.adventhealth.com%2Fen-US%2Fsearch%3Fpagenumber%3D17&api_key=f2a3c4d1c7d60b6d2eb03c55108e3960&scraper_sdk=python>
2021-07-09 12:29:51 [scrapy.downloadermiddlewares.robotstxt] DEBUG: Forbidden by robots.txt: <GET https://api.scraperapi.com/?url=https%3A%2F%2Fjobs.adventhealth.com%2Fen-US%2Fsearch%3Fpagenumber%3D18&api_key=f2a3c4d1c7d60b6d2eb03c55108e3960&scraper_sdk=python>
2021-07-09 12:29:51 [scrapy.downloadermiddlewares.robotstxt] DEBUG: Forbidden by robots.txt: <GET https://api.scraperapi.com/?url=https%3A%2F%2Fjobs.adventhealth.com%2Fen-US%2Fsearch%3Fpagenumber%3D19&api_key=f2a3c4d1c7d60b6d2eb03c55108e3960&scraper_sdk=python>
2021-07-09 12:29:51 [scrapy.downloadermiddlewares.robotstxt] DEBUG: Forbidden by robots.txt: <GET https://api.scraperapi.com/?url=https%3A%2F%2Fjobs.adventhealth.com%2Fen-US%2Fsearch%3Fpagenumber%3D20&api_key=f2a3c4d1c7d60b6d2eb03c55108e3960&scraper_sdk=python>
2021-07-09 12:29:51 [scrapy.downloadermiddlewares.robotstxt] DEBUG: Forbidden by robots.txt: <GET https://api.scraperapi.com/?url=https%3A%2F%2Fjobs.adventhealth.com%2Fen-US%2Fsearch%3Fpagenumber%3D21&api_key=f2a3c4d1c7d60b6d2eb03c55108e3960&scraper_sdk=python>
2021-07-09 12:29:51 [scrapy.downloadermiddlewares.robotstxt] DEBUG: Forbidden by robots.txt: <GET https://api.scraperapi.com/?url=https%3A%2F%2Fjobs.adventhealth.com%2Fen-US%2Fsearch%3Fpagenumber%3D22&api_key=f2a3c4d1c7d60b6d2eb03c55108e3960&scraper_sdk=python>
2021-07-09 12:29:51 [scrapy.downloadermiddlewares.robotstxt] DEBUG: Forbidden by robots.txt: <GET https://api.scraperapi.com/?url=https%3A%2F%2Fjobs.adventhealth.com%2Fen-US%2Fsearch%3Fpagenumber%3D23&api_key=f2a3c4d1c7d60b6d2eb03c55108e3960&scraper_sdk=python>
2021-07-09 12:29:51 [scrapy.downloadermiddlewares.robotstxt] DEBUG: Forbidden by robots.txt: <GET https://api.scraperapi.com/?url=https%3A%2F%2Fjobs.adventhealth.com%2Fen-US%2Fsearch%3Fpagenumber%3D24&api_key=f2a3c4d1c7d60b6d2eb03c55108e3960&scraper_sdk=python>
2021-07-09 12:29:51 [scrapy.downloadermiddlewares.robotstxt] DEBUG: Forbidden by robots.txt: <GET https://api.scraperapi.com/?url=https%3A%2F%2Fjobs.adventhealth.com%2Fen-US%2Fsearch%3Fpagenumber%3D25&api_key=f2a3c4d1c7d60b6d2eb03c55108e3960&scraper_sdk=python>
2021-07-09 12:29:51 [scrapy.downloadermiddlewares.robotstxt] DEBUG: Forbidden by robots.txt: <GET https://api.scraperapi.com/?url=https%3A%2F%2Fjobs.adventhealth.com%2Fen-US%2Fsearch%3Fpagenumber%3D26&api_key=f2a3c4d1c7d60b6d2eb03c55108e3960&scraper_sdk=python>
2021-07-09 12:29:51 [scrapy.downloadermiddlewares.robotstxt] DEBUG: Forbidden by robots.txt: <GET https://api.scraperapi.com/?url=https%3A%2F%2Fjobs.adventhealth.com%2Fen-US%2Fsearch%3Fpagenumber%3D27&api_key=f2a3c4d1c7d60b6d2eb03c55108e3960&scraper_sdk=python>
2021-07-09 12:29:51 [scrapy.downloadermiddlewares.robotstxt] DEBUG: Forbidden by robots.txt: <GET https://api.scraperapi.com/?url=https%3A%2F%2Fjobs.adventhealth.com%2Fen-US%2Fsearch%3Fpagenumber%3D28&api_key=f2a3c4d1c7d60b6d2eb03c55108e3960&scraper_sdk=python>
2021-07-09 12:29:51 [scrapy.downloadermiddlewares.robotstxt] DEBUG: Forbidden by robots.txt: <GET https://api.scraperapi.com/?url=https%3A%2F%2Fjobs.adventhealth.com%2Fen-US%2Fsearch%3Fpagenumber%3D29&api_key=f2a3c4d1c7d60b6d2eb03c55108e3960&scraper_sdk=python>
2021-07-09 12:29:51 [scrapy.downloadermiddlewares.robotstxt] DEBUG: Forbidden by robots.txt: <GET https://api.scraperapi.com/?url=https%3A%2F%2Fjobs.adventhealth.com%2Fen-US%2Fsearch%3Fpagenumber%3D30&api_key=f2a3c4d1c7d60b6d2eb03c55108e3960&scraper_sdk=python>
2021-07-09 12:29:51 [scrapy.downloadermiddlewares.robotstxt] DEBUG: Forbidden by robots.txt: <GET https://api.scraperapi.com/?url=https%3A%2F%2Fjobs.adventhealth.com%2Fen-US%2Fsearch%3Fpagenumber%3D31&api_key=f2a3c4d1c7d60b6d2eb03c55108e3960&scraper_sdk=python>
2021-07-09 12:29:51 [scrapy.downloadermiddlewares.robotstxt] DEBUG: Forbidden by robots.txt: <GET https://api.scraperapi.com/?url=https%3A%2F%2Fjobs.adventhealth.com%2Fen-US%2Fsearch%3Fpagenumber%3D32&api_key=f2a3c4d1c7d60b6d2eb03c55108e3960&scraper_sdk=python>
2021-07-09 12:29:51 [scrapy.downloadermiddlewares.robotstxt] DEBUG: Forbidden by robots.txt: <GET https://api.scraperapi.com/?url=https%3A%2F%2Fjobs.adventhealth.com%2Fen-US%2Fsearch%3Fpagenumber%3D33&api_key=f2a3c4d1c7d60b6d2eb03c55108e3960&scraper_sdk=python>
2021-07-09 12:29:51 [scrapy.downloadermiddlewares.robotstxt] DEBUG: Forbidden by robots.txt: <GET https://api.scraperapi.com/?url=https%3A%2F%2Fjobs.adventhealth.com%2Fen-US%2Fsearch%3Fpagenumber%3D34&api_key=f2a3c4d1c7d60b6d2eb03c55108e3960&scraper_sdk=python>
2021-07-09 12:29:51 [scrapy.downloadermiddlewares.robotstxt] DEBUG: Forbidden by robots.txt: <GET https://api.scraperapi.com/?url=https%3A%2F%2Fjobs.adventhealth.com%2Fen-US%2Fsearch%3Fpagenumber%3D35&api_key=f2a3c4d1c7d60b6d2eb03c55108e3960&scraper_sdk=python>
2021-07-09 12:29:51 [scrapy.downloadermiddlewares.robotstxt] DEBUG: Forbidden by robots.txt: <GET https://api.scraperapi.com/?url=https%3A%2F%2Fjobs.adventhealth.com%2Fen-US%2Fsearch%3Fpagenumber%3D36&api_key=f2a3c4d1c7d60b6d2eb03c55108e3960&scraper_sdk=python>
2021-07-09 12:29:51 [scrapy.downloadermiddlewares.robotstxt] DEBUG: Forbidden by robots.txt: <GET https://api.scraperapi.com/?url=https%3A%2F%2Fjobs.adventhealth.com%2Fen-US%2Fsearch%3Fpagenumber%3D37&api_key=f2a3c4d1c7d60b6d2eb03c55108e3960&scraper_sdk=python>
2021-07-09 12:29:51 [scrapy.downloadermiddlewares.robotstxt] DEBUG: Forbidden by robots.txt: <GET https://api.scraperapi.com/?url=https%3A%2F%2Fjobs.adventhealth.com%2Fen-US%2Fsearch%3Fpagenumber%3D38&api_key=f2a3c4d1c7d60b6d2eb03c55108e3960&scraper_sdk=python>
2021-07-09 12:29:51 [scrapy.downloadermiddlewares.robotstxt] DEBUG: Forbidden by robots.txt: <GET https://api.scraperapi.com/?url=https%3A%2F%2Fjobs.adventhealth.com%2Fen-US%2Fsearch%3Fpagenumber%3D39&api_key=f2a3c4d1c7d60b6d2eb03c55108e3960&scraper_sdk=python>
2021-07-09 12:29:51 [scrapy.downloadermiddlewares.robotstxt] DEBUG: Forbidden by robots.txt: <GET https://api.scraperapi.com/?url=https%3A%2F%2Fjobs.adventhealth.com%2Fen-US%2Fsearch%3Fpagenumber%3D40&api_key=f2a3c4d1c7d60b6d2eb03c55108e3960&scraper_sdk=python>
2021-07-09 12:29:51 [scrapy.downloadermiddlewares.robotstxt] DEBUG: Forbidden by robots.txt: <GET https://api.scraperapi.com/?url=https%3A%2F%2Fjobs.adventhealth.com%2Fen-US%2Fsearch%3Fpagenumber%3D41&api_key=f2a3c4d1c7d60b6d2eb03c55108e3960&scraper_sdk=python>
2021-07-09 12:29:51 [scrapy.downloadermiddlewares.robotstxt] DEBUG: Forbidden by robots.txt: <GET https://api.scraperapi.com/?url=https%3A%2F%2Fjobs.adventhealth.com%2Fen-US%2Fsearch%3Fpagenumber%3D42&api_key=f2a3c4d1c7d60b6d2eb03c55108e3960&scraper_sdk=python>
2021-07-09 12:29:51 [scrapy.downloadermiddlewares.robotstxt] DEBUG: Forbidden by robots.txt: <GET https://api.scraperapi.com/?url=https%3A%2F%2Fjobs.adventhealth.com%2Fen-US%2Fsearch%3Fpagenumber%3D43&api_key=f2a3c4d1c7d60b6d2eb03c55108e3960&scraper_sdk=python>
2021-07-09 12:29:51 [scrapy.downloadermiddlewares.robotstxt] DEBUG: Forbidden by robots.txt: <GET https://api.scraperapi.com/?url=https%3A%2F%2Fjobs.adventhealth.com%2Fen-US%2Fsearch%3Fpagenumber%3D44&api_key=f2a3c4d1c7d60b6d2eb03c55108e3960&scraper_sdk=python>
2021-07-09 12:29:51 [scrapy.downloadermiddlewares.robotstxt] DEBUG: Forbidden by robots.txt: <GET https://api.scraperapi.com/?url=https%3A%2F%2Fjobs.adventhealth.com%2Fen-US%2Fsearch%3Fpagenumber%3D45&api_key=f2a3c4d1c7d60b6d2eb03c55108e3960&scraper_sdk=python>
2021-07-09 12:29:51 [scrapy.downloadermiddlewares.robotstxt] DEBUG: Forbidden by robots.txt: <GET https://api.scraperapi.com/?url=https%3A%2F%2Fjobs.adventhealth.com%2Fen-US%2Fsearch%3Fpagenumber%3D46&api_key=f2a3c4d1c7d60b6d2eb03c55108e3960&scraper_sdk=python>
2021-07-09 12:29:51 [scrapy.downloadermiddlewares.robotstxt] DEBUG: Forbidden by robots.txt: <GET https://api.scraperapi.com/?url=https%3A%2F%2Fjobs.adventhealth.com%2Fen-US%2Fsearch%3Fpagenumber%3D47&api_key=f2a3c4d1c7d60b6d2eb03c55108e3960&scraper_sdk=python>
2021-07-09 12:29:51 [scrapy.downloadermiddlewares.robotstxt] DEBUG: Forbidden by robots.txt: <GET https://api.scraperapi.com/?url=https%3A%2F%2Fjobs.adventhealth.com%2Fen-US%2Fsearch%3Fpagenumber%3D48&api_key=f2a3c4d1c7d60b6d2eb03c55108e3960&scraper_sdk=python>
2021-07-09 12:29:51 [scrapy.downloadermiddlewares.robotstxt] DEBUG: Forbidden by robots.txt: <GET https://api.scraperapi.com/?url=https%3A%2F%2Fjobs.adventhealth.com%2Fen-US%2Fsearch%3Fpagenumber%3D49&api_key=f2a3c4d1c7d60b6d2eb03c55108e3960&scraper_sdk=python>
2021-07-09 12:29:51 [scrapy.downloadermiddlewares.robotstxt] DEBUG: Forbidden by robots.txt: <GET https://api.scraperapi.com/?url=https%3A%2F%2Fjobs.adventhealth.com%2Fen-US%2Fsearch%3Fpagenumber%3D50&api_key=f2a3c4d1c7d60b6d2eb03c55108e3960&scraper_sdk=python>
2021-07-09 12:29:51 [scrapy.downloadermiddlewares.robotstxt] DEBUG: Forbidden by robots.txt: <GET https://api.scraperapi.com/?url=https%3A%2F%2Fjobs.adventhealth.com%2Fen-US%2Fsearch%3Fpagenumber%3D51&api_key=f2a3c4d1c7d60b6d2eb03c55108e3960&scraper_sdk=python>
2021-07-09 12:29:51 [scrapy.downloadermiddlewares.robotstxt] DEBUG: Forbidden by robots.txt: <GET https://api.scraperapi.com/?url=https%3A%2F%2Fjobs.adventhealth.com%2Fen-US%2Fsearch%3Fpagenumber%3D52&api_key=f2a3c4d1c7d60b6d2eb03c55108e3960&scraper_sdk=python>
2021-07-09 12:29:51 [scrapy.downloadermiddlewares.robotstxt] DEBUG: Forbidden by robots.txt: <GET https://api.scraperapi.com/?url=https%3A%2F%2Fjobs.adventhealth.com%2Fen-US%2Fsearch%3Fpagenumber%3D53&api_key=f2a3c4d1c7d60b6d2eb03c55108e3960&scraper_sdk=python>
2021-07-09 12:29:51 [scrapy.downloadermiddlewares.robotstxt] DEBUG: Forbidden by robots.txt: <GET https://api.scraperapi.com/?url=https%3A%2F%2Fjobs.adventhealth.com%2Fen-US%2Fsearch%3Fpagenumber%3D54&api_key=f2a3c4d1c7d60b6d2eb03c55108e3960&scraper_sdk=python>
2021-07-09 12:29:51 [scrapy.downloadermiddlewares.robotstxt] DEBUG: Forbidden by robots.txt: <GET https://api.scraperapi.com/?url=https%3A%2F%2Fjobs.adventhealth.com%2Fen-US%2Fsearch%3Fpagenumber%3D55&api_key=f2a3c4d1c7d60b6d2eb03c55108e3960&scraper_sdk=python>
2021-07-09 12:29:51 [scrapy.downloadermiddlewares.robotstxt] DEBUG: Forbidden by robots.txt: <GET https://api.scraperapi.com/?url=https%3A%2F%2Fjobs.adventhealth.com%2Fen-US%2Fsearch%3Fpagenumber%3D56&api_key=f2a3c4d1c7d60b6d2eb03c55108e3960&scraper_sdk=python>
2021-07-09 12:29:51 [scrapy.downloadermiddlewares.robotstxt] DEBUG: Forbidden by robots.txt: <GET https://api.scraperapi.com/?url=https%3A%2F%2Fjobs.adventhealth.com%2Fen-US%2Fsearch%3Fpagenumber%3D57&api_key=f2a3c4d1c7d60b6d2eb03c55108e3960&scraper_sdk=python>
2021-07-09 12:29:51 [scrapy.downloadermiddlewares.robotstxt] DEBUG: Forbidden by robots.txt: <GET https://api.scraperapi.com/?url=https%3A%2F%2Fjobs.adventhealth.com%2Fen-US%2Fsearch%3Fpagenumber%3D58&api_key=f2a3c4d1c7d60b6d2eb03c55108e3960&scraper_sdk=python>
2021-07-09 12:29:51 [scrapy.downloadermiddlewares.robotstxt] DEBUG: Forbidden by robots.txt: <GET https://api.scraperapi.com/?url=https%3A%2F%2Fjobs.adventhealth.com%2Fen-US%2Fsearch%3Fpagenumber%3D59&api_key=f2a3c4d1c7d60b6d2eb03c55108e3960&scraper_sdk=python>
2021-07-09 12:29:51 [scrapy.downloadermiddlewares.robotstxt] DEBUG: Forbidden by robots.txt: <GET https://api.scraperapi.com/?url=https%3A%2F%2Fjobs.adventhealth.com%2Fen-US%2Fsearch%3Fpagenumber%3D60&api_key=f2a3c4d1c7d60b6d2eb03c55108e3960&scraper_sdk=python>
2021-07-09 12:29:51 [scrapy.downloadermiddlewares.robotstxt] DEBUG: Forbidden by robots.txt: <GET https://api.scraperapi.com/?url=https%3A%2F%2Fjobs.adventhealth.com%2Fen-US%2Fsearch%3Fpagenumber%3D61&api_key=f2a3c4d1c7d60b6d2eb03c55108e3960&scraper_sdk=python>
2021-07-09 12:29:51 [scrapy.downloadermiddlewares.robotstxt] DEBUG: Forbidden by robots.txt: <GET https://api.scraperapi.com/?url=https%3A%2F%2Fjobs.adventhealth.com%2Fen-US%2Fsearch%3Fpagenumber%3D62&api_key=f2a3c4d1c7d60b6d2eb03c55108e3960&scraper_sdk=python>
2021-07-09 12:29:51 [scrapy.downloadermiddlewares.robotstxt] DEBUG: Forbidden by robots.txt: <GET https://api.scraperapi.com/?url=https%3A%2F%2Fjobs.adventhealth.com%2Fen-US%2Fsearch%3Fpagenumber%3D63&api_key=f2a3c4d1c7d60b6d2eb03c55108e3960&scraper_sdk=python>
2021-07-09 12:29:51 [scrapy.downloadermiddlewares.robotstxt] DEBUG: Forbidden by robots.txt: <GET https://api.scraperapi.com/?url=https%3A%2F%2Fjobs.adventhealth.com%2Fen-US%2Fsearch%3Fpagenumber%3D64&api_key=f2a3c4d1c7d60b6d2eb03c55108e3960&scraper_sdk=python>
2021-07-09 12:29:51 [scrapy.downloadermiddlewares.robotstxt] DEBUG: Forbidden by robots.txt: <GET https://api.scraperapi.com/?url=https%3A%2F%2Fjobs.adventhealth.com%2Fen-US%2Fsearch%3Fpagenumber%3D65&api_key=f2a3c4d1c7d60b6d2eb03c55108e3960&scraper_sdk=python>
2021-07-09 12:29:51 [scrapy.downloadermiddlewares.robotstxt] DEBUG: Forbidden by robots.txt: <GET https://api.scraperapi.com/?url=https%3A%2F%2Fjobs.adventhealth.com%2Fen-US%2Fsearch%3Fpagenumber%3D66&api_key=f2a3c4d1c7d60b6d2eb03c55108e3960&scraper_sdk=python>
2021-07-09 12:29:51 [scrapy.downloadermiddlewares.robotstxt] DEBUG: Forbidden by robots.txt: <GET https://api.scraperapi.com/?url=https%3A%2F%2Fjobs.adventhealth.com%2Fen-US%2Fsearch%3Fpagenumber%3D67&api_key=f2a3c4d1c7d60b6d2eb03c55108e3960&scraper_sdk=python>
2021-07-09 12:29:51 [scrapy.downloadermiddlewares.robotstxt] DEBUG: Forbidden by robots.txt: <GET https://api.scraperapi.com/?url=https%3A%2F%2Fjobs.adventhealth.com%2Fen-US%2Fsearch%3Fpagenumber%3D68&api_key=f2a3c4d1c7d60b6d2eb03c55108e3960&scraper_sdk=python>
2021-07-09 12:29:51 [scrapy.downloadermiddlewares.robotstxt] DEBUG: Forbidden by robots.txt: <GET https://api.scraperapi.com/?url=https%3A%2F%2Fjobs.adventhealth.com%2Fen-US%2Fsearch%3Fpagenumber%3D69&api_key=f2a3c4d1c7d60b6d2eb03c55108e3960&scraper_sdk=python>
2021-07-09 12:29:51 [scrapy.downloadermiddlewares.robotstxt] DEBUG: Forbidden by robots.txt: <GET https://api.scraperapi.com/?url=https%3A%2F%2Fjobs.adventhealth.com%2Fen-US%2Fsearch%3Fpagenumber%3D70&api_key=f2a3c4d1c7d60b6d2eb03c55108e3960&scraper_sdk=python>
2021-07-09 12:29:51 [scrapy.downloadermiddlewares.robotstxt] DEBUG: Forbidden by robots.txt: <GET https://api.scraperapi.com/?url=https%3A%2F%2Fjobs.adventhealth.com%2Fen-US%2Fsearch%3Fpagenumber%3D71&api_key=f2a3c4d1c7d60b6d2eb03c55108e3960&scraper_sdk=python>
2021-07-09 12:29:51 [scrapy.downloadermiddlewares.robotstxt] DEBUG: Forbidden by robots.txt: <GET https://api.scraperapi.com/?url=https%3A%2F%2Fjobs.adventhealth.com%2Fen-US%2Fsearch%3Fpagenumber%3D72&api_key=f2a3c4d1c7d60b6d2eb03c55108e3960&scraper_sdk=python>
2021-07-09 12:29:51 [scrapy.downloadermiddlewares.robotstxt] DEBUG: Forbidden by robots.txt: <GET https://api.scraperapi.com/?url=https%3A%2F%2Fjobs.adventhealth.com%2Fen-US%2Fsearch%3Fpagenumber%3D73&api_key=f2a3c4d1c7d60b6d2eb03c55108e3960&scraper_sdk=python>
2021-07-09 12:29:51 [scrapy.downloadermiddlewares.robotstxt] DEBUG: Forbidden by robots.txt: <GET https://api.scraperapi.com/?url=https%3A%2F%2Fjobs.adventhealth.com%2Fen-US%2Fsearch%3Fpagenumber%3D74&api_key=f2a3c4d1c7d60b6d2eb03c55108e3960&scraper_sdk=python>
2021-07-09 12:29:51 [scrapy.downloadermiddlewares.robotstxt] DEBUG: Forbidden by robots.txt: <GET https://api.scraperapi.com/?url=https%3A%2F%2Fjobs.adventhealth.com%2Fen-US%2Fsearch%3Fpagenumber%3D75&api_key=f2a3c4d1c7d60b6d2eb03c55108e3960&scraper_sdk=python>
2021-07-09 12:29:51 [scrapy.downloadermiddlewares.robotstxt] DEBUG: Forbidden by robots.txt: <GET https://api.scraperapi.com/?url=https%3A%2F%2Fjobs.adventhealth.com%2Fen-US%2Fsearch%3Fpagenumber%3D76&api_key=f2a3c4d1c7d60b6d2eb03c55108e3960&scraper_sdk=python>
2021-07-09 12:29:51 [scrapy.downloadermiddlewares.robotstxt] DEBUG: Forbidden by robots.txt: <GET https://api.scraperapi.com/?url=https%3A%2F%2Fjobs.adventhealth.com%2Fen-US%2Fsearch%3Fpagenumber%3D77&api_key=f2a3c4d1c7d60b6d2eb03c55108e3960&scraper_sdk=python>
2021-07-09 12:29:51 [scrapy.downloadermiddlewares.robotstxt] DEBUG: Forbidden by robots.txt: <GET https://api.scraperapi.com/?url=https%3A%2F%2Fjobs.adventhealth.com%2Fen-US%2Fsearch%3Fpagenumber%3D78&api_key=f2a3c4d1c7d60b6d2eb03c55108e3960&scraper_sdk=python>
2021-07-09 12:29:51 [scrapy.downloadermiddlewares.robotstxt] DEBUG: Forbidden by robots.txt: <GET https://api.scraperapi.com/?url=https%3A%2F%2Fjobs.adventhealth.com%2Fen-US%2Fsearch%3Fpagenumber%3D79&api_key=f2a3c4d1c7d60b6d2eb03c55108e3960&scraper_sdk=python>
2021-07-09 12:29:51 [scrapy.core.engine] INFO: Closing spider (finished)
2021-07-09 12:29:51 [scrapy.statscollectors] INFO: Dumping Scrapy stats:
{'downloader/exception_count': 80,
 'downloader/exception_type_count/scrapy.exceptions.IgnoreRequest': 80,
 'downloader/request_bytes': 232,
 'downloader/request_count': 1,
 'downloader/request_method_count/GET': 1,
 'downloader/response_bytes': 496,
 'downloader/response_count': 1,
 'downloader/response_status_count/200': 1,
 'elapsed_time_seconds': 0.638587,
 'finish_reason': 'finished',
 'finish_time': datetime.datetime(2021, 7, 9, 17, 29, 51, 435550),
 'log_count/DEBUG': 81,
 'log_count/INFO': 10,
 'response_received_count': 1,
 'robotstxt/forbidden': 80,
 'robotstxt/request_count': 1,
 'robotstxt/response_count': 1,
 'robotstxt/response_status_count/200': 1,
 'scheduler/dequeued': 80,
 'scheduler/dequeued/memory': 80,
 'scheduler/enqueued': 80,
 'scheduler/enqueued/memory': 80,
 'start_time': datetime.datetime(2021, 7, 9, 17, 29, 50, 796963)}
2021-07-09 12:29:51 [scrapy.core.engine] INFO: Spider closed (finished)
